<?xml version="1.0" encoding="UTF-8"?>
<!-- Generated by org.testng.reporters.JUnitReportReporter -->
<testsuite hostname="NAMIT-LENOVO" failures="0" tests="1" name="com.selEasy.testCases.Intermediate.Input_Form_with_validation" time="22.284" errors="0" timestamp="13 Jun 2021 11:08:50 GMT" skipped="0">
  <testcase classname="com.selEasy.testCases.Intermediate.Input_Form_with_validation" name="test" time="22.284"/>
</testsuite> <!-- com.selEasy.testCases.Intermediate.Input_Form_with_validation -->
