<?xml version="1.0" encoding="UTF-8"?>
<!-- Generated by org.testng.reporters.JUnitReportReporter -->
<testsuite hostname="NAMIT-LENOVO" failures="0" tests="1" name="com.inetbanking.testCases.Basic.Java_Scritps_Alerts" time="21.874" errors="0" timestamp="13 Jun 2021 11:08:50 GMT" skipped="0">
  <testcase classname="com.inetbanking.testCases.Basic.Java_Scritps_Alerts" name="test" time="21.874"/>
</testsuite> <!-- com.inetbanking.testCases.Basic.Java_Scritps_Alerts -->
