<?xml version="1.0" encoding="UTF-8"?>
<!-- Generated by org.testng.reporters.JUnitReportReporter -->
<testsuite hostname="NAMIT-LENOVO" failures="0" tests="1" name="com.inetbanking.testCases.Java_Scritps_Alerts" time="23.815" errors="0" timestamp="12 Jun 2021 14:07:38 GMT" skipped="0">
  <testcase classname="com.inetbanking.testCases.Java_Scritps_Alerts" name="test" time="23.815"/>
</testsuite> <!-- com.inetbanking.testCases.Java_Scritps_Alerts -->
