<?xml version="1.0" encoding="UTF-8"?>
<!-- Generated by org.testng.reporters.JUnitReportReporter -->
<testsuite hostname="NAMIT-LENOVO" failures="0" tests="1" name="com.inetbanking.testCases.WindowsPopup" time="86.028" errors="0" timestamp="12 Jun 2021 16:27:01 GMT" skipped="0">
  <testcase classname="com.inetbanking.testCases.WindowsPopup" name="test" time="86.028"/>
</testsuite> <!-- com.inetbanking.testCases.WindowsPopup -->
