<?xml version="1.0" encoding="UTF-8"?>
<!-- Generated by org.testng.reporters.JUnitReportReporter -->
<testsuite hostname="NAMIT-LENOVO" failures="0" tests="1" name="com.inetbanking.testCases.Simple_Form_Demo" time="8.985" errors="0" timestamp="12 Jun 2021 09:56:44 GMT" skipped="0">
  <testcase classname="com.inetbanking.testCases.Simple_Form_Demo" name="test" time="8.985"/>
</testsuite> <!-- com.inetbanking.testCases.Simple_Form_Demo -->
