<?xml version="1.0" encoding="UTF-8"?>
<!-- Generated by org.testng.reporters.JUnitReportReporter -->
<testsuite hostname="NAMIT-LENOVO" failures="0" tests="1" name="com.inetbanking.testCases.Check_Box_Demo" time="8.885" errors="0" timestamp="12 Jun 2021 10:03:46 GMT" skipped="0">
  <testcase classname="com.inetbanking.testCases.Check_Box_Demo" name="test" time="8.885"/>
</testsuite> <!-- com.inetbanking.testCases.Check_Box_Demo -->
