<?xml version="1.0" encoding="UTF-8"?>
<!-- Generated by org.testng.reporters.JUnitReportReporter -->
<testsuite hostname="NAMIT-LENOVO" failures="0" tests="1" name="com.inetbanking.testCases.Basic.BootStrap_Modal" time="57.899" errors="0" timestamp="24 Jun 2021 04:55:48 GMT" skipped="0">
  <testcase classname="com.inetbanking.testCases.Basic.BootStrap_Modal" name="test" time="57.899"/>
</testsuite> <!-- com.inetbanking.testCases.Basic.BootStrap_Modal -->
