<?xml version="1.0" encoding="UTF-8"?>
<!-- Generated by org.testng.reporters.JUnitReportReporter -->
<testsuite hostname="NAMIT-LENOVO" failures="0" tests="1" name="com.inetbanking.testCases.Basic.WindowsPopup" time="29.860" errors="0" timestamp="13 Jun 2021 11:08:49 GMT" skipped="0">
  <testcase classname="com.inetbanking.testCases.Basic.WindowsPopup" name="test" time="29.860"/>
</testsuite> <!-- com.inetbanking.testCases.Basic.WindowsPopup -->
