<?xml version="1.0" encoding="UTF-8"?>
<!-- Generated by org.testng.reporters.JUnitReportReporter -->
<testsuite hostname="NAMIT-LENOVO" failures="0" tests="1" name="com.inetbanking.testCases.Basic.Bootstrap_Alerts" time="29.464" errors="0" timestamp="24 Jun 2021 04:53:52 GMT" skipped="0">
  <testcase classname="com.inetbanking.testCases.Basic.Bootstrap_Alerts" name="test" time="29.464"/>
</testsuite> <!-- com.inetbanking.testCases.Basic.Bootstrap_Alerts -->
