<?xml version="1.0" encoding="UTF-8"?>
<!-- Generated by org.testng.reporters.JUnitReportReporter -->
<testsuite hostname="NAMIT-LENOVO" failures="0" tests="1" name="com.inetbanking.testCases.BootStrap_Modal" time="25.623" errors="0" timestamp="13 Jun 2021 04:12:22 GMT" skipped="0">
  <testcase classname="com.inetbanking.testCases.BootStrap_Modal" name="test" time="25.623"/>
</testsuite> <!-- com.inetbanking.testCases.BootStrap_Modal -->
