<?xml version="1.0" encoding="UTF-8"?>
<!-- Generated by org.testng.reporters.JUnitReportReporter -->
<testsuite hostname="NAMIT-LENOVO" failures="0" tests="1" name="com.inetbanking.testCases.Basic.Bootstrap_Alerts" time="34.832" errors="0" timestamp="17 Jun 2021 03:45:14 GMT" skipped="0">
  <testcase classname="com.inetbanking.testCases.Basic.Bootstrap_Alerts" name="test" time="34.832"/>
</testsuite> <!-- com.inetbanking.testCases.Basic.Bootstrap_Alerts -->
