<?xml version="1.0" encoding="UTF-8"?>
<!-- Generated by org.testng.reporters.JUnitReportReporter -->
<testsuite skipped="0" hostname="NAMIT-LENOVO" name="com.inetbanking.testCases.Basic.BootStrap_Modal" tests="1" failures="0" timestamp="13 Jun 2021 13:02:00 GMT" time="37.514" errors="0">
  <testcase name="test" time="37.514" classname="com.inetbanking.testCases.Basic.BootStrap_Modal"/>
</testsuite> <!-- com.inetbanking.testCases.Basic.BootStrap_Modal -->
