<?xml version="1.0" encoding="UTF-8"?>
<!-- Generated by org.testng.reporters.JUnitReportReporter -->
<testsuite skipped="0" hostname="NAMIT-LENOVO" name="com.selEasy.testCases.Intermediate.Input_Form_with_validation" tests="1" failures="0" timestamp="13 Jun 2021 13:02:00 GMT" time="41.771" errors="0">
  <testcase name="test" time="41.771" classname="com.selEasy.testCases.Intermediate.Input_Form_with_validation"/>
</testsuite> <!-- com.selEasy.testCases.Intermediate.Input_Form_with_validation -->
