<?xml version="1.0" encoding="UTF-8"?>
<!-- Generated by org.testng.reporters.JUnitReportReporter -->
<testsuite skipped="0" hostname="NAMIT-LENOVO" name="com.inetbanking.testCases.Basic.Java_Scritps_Alerts" tests="1" failures="0" timestamp="13 Jun 2021 13:02:00 GMT" time="16.545" errors="0">
  <testcase name="test" time="16.545" classname="com.inetbanking.testCases.Basic.Java_Scritps_Alerts"/>
</testsuite> <!-- com.inetbanking.testCases.Basic.Java_Scritps_Alerts -->
